TN:
SF:src\app.js
FNF:0
FNH:0
DA:1,2
DA:2,2
DA:5,2
DA:6,2
DA:7,2
DA:10,2
DA:11,2
DA:15,2
LF:8
LH:8
BRF:0
BRH:0
end_of_record
TN:
SF:src\controllers\auth.controller.js
FN:5,registerUsers
FN:62,loginUsers
FN:105,getCurrentUser
FNF:3
FNH:0
FNDA:0,registerUsers
FNDA:0,loginUsers
FNDA:0,getCurrentUser
DA:1,2
DA:2,2
DA:3,2
DA:6,0
DA:7,0
DA:8,0
DA:9,0
DA:12,0
DA:19,0
DA:20,0
DA:23,0
DA:25,0
DA:32,0
DA:39,0
DA:45,0
DA:57,0
DA:58,0
DA:63,0
DA:64,0
DA:65,0
DA:67,0
DA:68,0
DA:70,0
DA:71,0
DA:72,0
DA:75,0
DA:82,0
DA:87,0
DA:99,0
DA:100,0
DA:106,0
DA:113,2
LF:32
LH:4
BRDA:8,0,0,0
BRDA:8,0,1,0
BRDA:8,1,0,0
BRDA:8,1,1,0
BRDA:8,1,2,0
BRDA:19,2,0,0
BRDA:19,2,1,0
BRDA:67,3,0,0
BRDA:67,3,1,0
BRDA:71,4,0,0
BRDA:71,4,1,0
BRF:11
BRH:0
end_of_record
TN:
SF:src\db\db.js
FN:3,connectDB
FNF:1
FNH:0
FNDA:0,connectDB
DA:1,1
DA:4,0
DA:5,0
DA:6,0
DA:8,0
DA:12,1
LF:6
LH:2
BRF:0
BRH:0
end_of_record
TN:
SF:src\middlewares\auth.middleware.js
FN:4,authMiddleware
FNF:1
FNH:0
FNDA:0,authMiddleware
DA:1,2
DA:2,2
DA:5,0
DA:7,0
DA:8,0
DA:11,0
DA:12,0
DA:13,0
DA:15,0
DA:17,0
DA:19,0
DA:23,2
LF:12
LH:3
BRDA:7,0,0,0
BRDA:7,0,1,0
BRF:2
BRH:0
end_of_record
TN:
SF:src\middlewares\validator.middleware.js
FN:3,(anonymous_0)
FN:46,(anonymous_1)
FNF:2
FNH:0
FNDA:0,(anonymous_0)
FNDA:0,(anonymous_1)
DA:1,2
DA:3,2
DA:4,0
DA:5,0
DA:6,0
DA:8,0
DA:11,2
DA:33,2
DA:47,0
DA:48,0
DA:50,0
DA:56,2
LF:12
LH:5
BRDA:5,0,0,0
BRDA:5,0,1,0
BRDA:47,1,0,0
BRDA:47,1,1,0
BRDA:47,2,0,0
BRDA:47,2,1,0
BRF:6
BRH:0
end_of_record
TN:
SF:src\models\user.model.js
FNF:0
FNH:0
DA:1,2
DA:3,2
DA:12,2
DA:39,2
DA:41,2
LF:5
LH:5
BRF:0
BRH:0
end_of_record
TN:
SF:src\routes\auth.routes.js
FNF:0
FNH:0
DA:1,2
DA:2,2
DA:3,2
DA:4,2
DA:8,2
DA:11,2
DA:13,2
DA:15,2
DA:17,2
LF:9
LH:9
BRF:0
BRH:0
end_of_record
